Added Component: Designator=C1(Chip 0603C)
Added Component: Designator=C2(Chip 0603C)
Added Component: Designator=C3(Chip 0603C)
Added Component: Designator=C4(Chip 0603C)
Added Component: Designator=C5(Chip 1206C)
Added Component: Designator=C6(Chip 1206C)
Added Component: Designator=C7(Chip 0603C)
Added Component: Designator=C8(Chip 0603C)
Added Component: Designator=C9(Chip 0603C)
Added Component: Designator=C10(Chip 0603C)
Added Component: Designator=C11(Chip 0603C)
Added Component: Designator=C12(Chip 0603C)
Added Component: Designator=C13(Chip 0603C)
Added Component: Designator=D1(SOD323)
Added Component: Designator=J1(HDR-2.00 Male 1x2)
Added Component: Designator=P1(HDR1X4)
Added Component: Designator=P2(HDR2X8)
Added Component: Designator=P3(HDR2X8)
Added Component: Designator=P4(HDR2X8)
Added Component: Designator=P5(HDR2X8)
Added Component: Designator=R1(Chip 0603R)
Added Component: Designator=R2(Chip 0603R)
Added Component: Designator=R3(Chip 0603R)
Added Component: Designator=R4(Chip 0603R)
Added Component: Designator=RESET(TC-0102-Series)
Added Component: Designator=U1(STM32F722RE-FP)
Added Component: Designator=U2(SOT-223)
Added Component: Designator=USER(TC-0102-Series)
Added Component: Designator=X1(HC-49S)
Added Component: Designator=X2(crystal16m)
Added Component: Designator=X3(Crystal32k)
Added Pin To Net: NetName=GND Pin=C1-1
Added Pin To Net: NetName=VDD Pin=C1-2
Added Pin To Net: NetName=GND Pin=C2-1
Added Pin To Net: NetName=VDD Pin=C2-2
Added Pin To Net: NetName=GND Pin=C3-1
Added Pin To Net: NetName=VDD Pin=C3-2
Added Pin To Net: NetName=GND Pin=C4-1
Added Pin To Net: NetName=VDD Pin=C4-2
Added Pin To Net: NetName=GND Pin=C5-1
Added Pin To Net: NetName=VIN Pin=C5-2
Added Pin To Net: NetName=GND Pin=C6-1
Added Pin To Net: NetName=GND Pin=C7-1
Added Pin To Net: NetName=PH1 Pin=C7-2
Added Pin To Net: NetName=GND Pin=C8-1
Added Pin To Net: NetName=PH0 Pin=C8-2
Added Pin To Net: NetName=GND Pin=C9-1
Added Pin To Net: NetName=PC15 Pin=C9-2
Added Pin To Net: NetName=GND Pin=C10-1
Added Pin To Net: NetName=PC14 Pin=C10-2
Added Pin To Net: NetName=NRST Pin=C11-1
Added Pin To Net: NetName=GND Pin=C11-2
Added Pin To Net: NetName=NetC12_1 Pin=C12-1
Added Pin To Net: NetName=NetC12_2 Pin=C12-2
Added Pin To Net: NetName=GND Pin=C13-1
Added Pin To Net: NetName=VCAP_1_PB11 Pin=C13-2
Added Pin To Net: NetName=VDD Pin=J1-2
Added Pin To Net: NetName=TCK Pin=P1-1
Added Pin To Net: NetName=TMS Pin=P1-2
Added Pin To Net: NetName=NRST Pin=P1-3
Added Pin To Net: NetName=TDO Pin=P1-4
Added Pin To Net: NetName=VIN Pin=P2-1
Added Pin To Net: NetName=VDD Pin=P2-2
Added Pin To Net: NetName=PC14 Pin=P2-3
Added Pin To Net: NetName=PC13 Pin=P2-4
Added Pin To Net: NetName=PH0 Pin=P2-5
Added Pin To Net: NetName=PC15 Pin=P2-6
Added Pin To Net: NetName=NRST Pin=P2-7
Added Pin To Net: NetName=PH1 Pin=P2-8
Added Pin To Net: NetName=PC1 Pin=P2-9
Added Pin To Net: NetName=PC0 Pin=P2-10
Added Pin To Net: NetName=PC3 Pin=P2-11
Added Pin To Net: NetName=PC2 Pin=P2-12
Added Pin To Net: NetName=PA1 Pin=P2-13
Added Pin To Net: NetName=PA0 Pin=P2-14
Added Pin To Net: NetName=GND Pin=P2-15
Added Pin To Net: NetName=PA2 Pin=P2-16
Added Pin To Net: NetName=PA3 Pin=P3-1
Added Pin To Net: NetName=GND Pin=P3-2
Added Pin To Net: NetName=VDD Pin=P3-3
Added Pin To Net: NetName=PA4 Pin=P3-4
Added Pin To Net: NetName=PA5 Pin=P3-5
Added Pin To Net: NetName=PA6 Pin=P3-6
Added Pin To Net: NetName=PA7 Pin=P3-7
Added Pin To Net: NetName=PC4 Pin=P3-8
Added Pin To Net: NetName=PB0_PC5 Pin=P3-9
Added Pin To Net: NetName=PB1_PB0 Pin=P3-10
Added Pin To Net: NetName=PB2_PB1 Pin=P3-11
Added Pin To Net: NetName=PB10_PB2 Pin=P3-12
Added Pin To Net: NetName=PB11_PB10 Pin=P3-13
Added Pin To Net: NetName=VCAP_1_PB11 Pin=P3-14
Added Pin To Net: NetName=VSS Pin=P3-15
Added Pin To Net: NetName=VDD Pin=P3-16
Added Pin To Net: NetName=VIN Pin=P4-1
Added Pin To Net: NetName=VDD Pin=P4-2
Added Pin To Net: NetName=PA12 Pin=P4-3
Added Pin To Net: NetName=TMS Pin=P4-4
Added Pin To Net: NetName=PA10 Pin=P4-5
Added Pin To Net: NetName=PA11 Pin=P4-6
Added Pin To Net: NetName=PA8 Pin=P4-7
Added Pin To Net: NetName=PA9 Pin=P4-8
Added Pin To Net: NetName=PC8 Pin=P4-9
Added Pin To Net: NetName=PC9 Pin=P4-10
Added Pin To Net: NetName=PC6 Pin=P4-11
Added Pin To Net: NetName=PC7 Pin=P4-12
Added Pin To Net: NetName=PB14 Pin=P4-13
Added Pin To Net: NetName=PB15 Pin=P4-14
Added Pin To Net: NetName=PB12 Pin=P4-15
Added Pin To Net: NetName=PB13 Pin=P4-16
Added Pin To Net: NetName=TCK Pin=P5-1
Added Pin To Net: NetName=TDI Pin=P5-2
Added Pin To Net: NetName=PC10 Pin=P5-3
Added Pin To Net: NetName=PC11 Pin=P5-4
Added Pin To Net: NetName=PC12 Pin=P5-5
Added Pin To Net: NetName=PD2 Pin=P5-6
Added Pin To Net: NetName=TDO Pin=P5-7
Added Pin To Net: NetName=TRST Pin=P5-8
Added Pin To Net: NetName=PB5 Pin=P5-9
Added Pin To Net: NetName=PB6 Pin=P5-10
Added Pin To Net: NetName=PB7 Pin=P5-11
Added Pin To Net: NetName=BOOT0 Pin=P5-12
Added Pin To Net: NetName=PB8 Pin=P5-13
Added Pin To Net: NetName=PB9 Pin=P5-14
Added Pin To Net: NetName=GND Pin=P5-15
Added Pin To Net: NetName=VDD Pin=P5-16
Added Pin To Net: NetName=GND Pin=R1-1
Added Pin To Net: NetName=BOOT0 Pin=R1-2
Added Pin To Net: NetName=NetC12_1 Pin=R2-1
Added Pin To Net: NetName=PA0 Pin=R2-2
Added Pin To Net: NetName=NetC12_2 Pin=R3-1
Added Pin To Net: NetName=VDD Pin=R3-2
Added Pin To Net: NetName=NetC12_1 Pin=R4-1
Added Pin To Net: NetName=GND Pin=R4-2
Added Pin To Net: NetName=NRST Pin=RESET-1
Added Pin To Net: NetName=NRST Pin=RESET-1
Added Pin To Net: NetName=GND Pin=RESET-2
Added Pin To Net: NetName=GND Pin=RESET-2
Added Pin To Net: NetName=VDD Pin=U1-1
Added Pin To Net: NetName=PC13 Pin=U1-2
Added Pin To Net: NetName=PC14 Pin=U1-3
Added Pin To Net: NetName=PC15 Pin=U1-4
Added Pin To Net: NetName=PH0 Pin=U1-5
Added Pin To Net: NetName=PH1 Pin=U1-6
Added Pin To Net: NetName=NRST Pin=U1-7
Added Pin To Net: NetName=PC0 Pin=U1-8
Added Pin To Net: NetName=PC1 Pin=U1-9
Added Pin To Net: NetName=PC2 Pin=U1-10
Added Pin To Net: NetName=PC3 Pin=U1-11
Added Pin To Net: NetName=GND Pin=U1-12
Added Pin To Net: NetName=VDD Pin=U1-13
Added Pin To Net: NetName=PA0 Pin=U1-14
Added Pin To Net: NetName=PA1 Pin=U1-15
Added Pin To Net: NetName=PA2 Pin=U1-16
Added Pin To Net: NetName=PA3 Pin=U1-17
Added Pin To Net: NetName=GND Pin=U1-18
Added Pin To Net: NetName=VDD Pin=U1-19
Added Pin To Net: NetName=PA4 Pin=U1-20
Added Pin To Net: NetName=PA5 Pin=U1-21
Added Pin To Net: NetName=PA6 Pin=U1-22
Added Pin To Net: NetName=PA7 Pin=U1-23
Added Pin To Net: NetName=PC4 Pin=U1-24
Added Pin To Net: NetName=PB0_PC5 Pin=U1-25
Added Pin To Net: NetName=PB1_PB0 Pin=U1-26
Added Pin To Net: NetName=PB2_PB1 Pin=U1-27
Added Pin To Net: NetName=PB10_PB2 Pin=U1-28
Added Pin To Net: NetName=PB11_PB10 Pin=U1-29
Added Pin To Net: NetName=VCAP_1_PB11 Pin=U1-30
Added Pin To Net: NetName=GND Pin=U1-31
Added Pin To Net: NetName=VDD Pin=U1-32
Added Pin To Net: NetName=PB12 Pin=U1-33
Added Pin To Net: NetName=PB13 Pin=U1-34
Added Pin To Net: NetName=PB14 Pin=U1-35
Added Pin To Net: NetName=PB15 Pin=U1-36
Added Pin To Net: NetName=PC6 Pin=U1-37
Added Pin To Net: NetName=PC7 Pin=U1-38
Added Pin To Net: NetName=PC8 Pin=U1-39
Added Pin To Net: NetName=PC9 Pin=U1-40
Added Pin To Net: NetName=PA8 Pin=U1-41
Added Pin To Net: NetName=PA9 Pin=U1-42
Added Pin To Net: NetName=PA10 Pin=U1-43
Added Pin To Net: NetName=PA11 Pin=U1-44
Added Pin To Net: NetName=PA12 Pin=U1-45
Added Pin To Net: NetName=TMS Pin=U1-46
Added Pin To Net: NetName=GND Pin=U1-47
Added Pin To Net: NetName=VDD Pin=U1-48
Added Pin To Net: NetName=TCK Pin=U1-49
Added Pin To Net: NetName=TDI Pin=U1-50
Added Pin To Net: NetName=PC10 Pin=U1-51
Added Pin To Net: NetName=PC11 Pin=U1-52
Added Pin To Net: NetName=PC12 Pin=U1-53
Added Pin To Net: NetName=PD2 Pin=U1-54
Added Pin To Net: NetName=TDO Pin=U1-55
Added Pin To Net: NetName=TRST Pin=U1-56
Added Pin To Net: NetName=PB5 Pin=U1-57
Added Pin To Net: NetName=PB6 Pin=U1-58
Added Pin To Net: NetName=PB7 Pin=U1-59
Added Pin To Net: NetName=BOOT0 Pin=U1-60
Added Pin To Net: NetName=PB8 Pin=U1-61
Added Pin To Net: NetName=PB9 Pin=U1-62
Added Pin To Net: NetName=GND Pin=U1-63
Added Pin To Net: NetName=VDD Pin=U1-64
Added Pin To Net: NetName=GND Pin=U2-1
Added Pin To Net: NetName=VIN Pin=U2-3
Added Pin To Net: NetName=NetC12_1 Pin=USER-1
Added Pin To Net: NetName=NetC12_1 Pin=USER-1
Added Pin To Net: NetName=VDD Pin=USER-2
Added Pin To Net: NetName=VDD Pin=USER-2
Added Pin To Net: NetName=PH0 Pin=X1-1
Added Pin To Net: NetName=PH1 Pin=X1-2
Added Pin To Net: NetName=PH0 Pin=X2-1
Added Pin To Net: NetName=PH1 Pin=X2-3
Added Pin To Net: NetName=PC15 Pin=X3-1
Added Pin To Net: NetName=PC14 Pin=X3-2
Added Pin To Net: NetName=NetC6_2 Pin=C6-2
Added Pin To Net: NetName=NetC6_2 Pin=D1-1
Added Pin To Net: NetName=NetC6_2 Pin=U2-2
Added Net: Name=NetC6_2
Added Pin To Net: NetName=NetD1_2 Pin=D1-2
Added Pin To Net: NetName=NetD1_2 Pin=J1-1
Added Net: Name=NetD1_2
Added Member To Class: ClassName=STM32F7 Member=Component C1 4.7 X5R
Added Member To Class: ClassName=STM32F7 Member=Component C2 100nF
Added Member To Class: ClassName=STM32F7 Member=Component C3 100nF
Added Member To Class: ClassName=STM32F7 Member=Component C4 100nF
Added Member To Class: ClassName=STM32F7 Member=Component C5 10uF
Added Member To Class: ClassName=STM32F7 Member=Component C6 10uF
Added Member To Class: ClassName=STM32F7 Member=Component C7 16pF HighQ
Added Member To Class: ClassName=STM32F7 Member=Component C8 C HighQ
Added Member To Class: ClassName=STM32F7 Member=Component C9 C HighQ
Added Member To Class: ClassName=STM32F7 Member=Component C10 C HighQ
Added Member To Class: ClassName=STM32F7 Member=Component C11 100nF
Added Member To Class: ClassName=STM32F7 Member=Component C12 0.1uF
Added Member To Class: ClassName=STM32F7 Member=Component C13 C
Added Member To Class: ClassName=STM32F7 Member=Component D1 BAT60JFILM
Added Member To Class: ClassName=STM32F7 Member=Component J1 Jumper 2.00
Added Member To Class: ClassName=STM32F7 Member=Component P1 Header 4
Added Member To Class: ClassName=STM32F7 Member=Component P2 Header 8X2
Added Member To Class: ClassName=STM32F7 Member=Component P3 Header 8X2
Added Member To Class: ClassName=STM32F7 Member=Component P4 Header 8X2
Added Member To Class: ClassName=STM32F7 Member=Component P5 Header 8X2
Added Member To Class: ClassName=STM32F7 Member=Component R1 10k
Added Member To Class: ClassName=STM32F7 Member=Component R2 330
Added Member To Class: ClassName=STM32F7 Member=Component R3 100
Added Member To Class: ClassName=STM32F7 Member=Component R4 220K
Added Member To Class: ClassName=STM32F7 Member=Component RESET Tact Switches
Added Member To Class: ClassName=STM32F7 Member=Component U1 STM32722RE
Added Member To Class: ClassName=STM32F7 Member=Component U2 LD1117-5.0
Added Member To Class: ClassName=STM32F7 Member=Component USER Tact Switches
Added Member To Class: ClassName=STM32F7 Member=Component X1 Crystal HC49S
Added Member To Class: ClassName=STM32F7 Member=Component X2 Crystal-16M
Added Member To Class: ClassName=STM32F7 Member=Component X3 Crystal-32.768K
Added Room: Name=STM32F7
