Added Component: Designator=C1(Chip 0603C)
Added Component: Designator=C2(Chip 0603C)
Added Component: Designator=C3(Chip 0603C)
Added Component: Designator=C4(Chip 0603C)
Added Component: Designator=C5(Chip 0603C)
Added Component: Designator=C6(Chip 0603C)
Added Component: Designator=C7(Chip 0603C)
Added Component: Designator=C8(Chip 0603C)
Added Component: Designator=C9(Chip 0603C)
Added Component: Designator=C10(Chip 0603C)
Added Component: Designator=C11(Chip 0603C)
Added Component: Designator=C12(Chip 0603C)
Added Component: Designator=C13(Chip 0603C)
Added Component: Designator=C14(Chip 0603C)
Added Component: Designator=C15(Chip 0603C)
Added Component: Designator=C16(Chip 0603C)
Added Component: Designator=C17(Chip 0603C)
Added Component: Designator=C18(Chip 0603C)
Added Component: Designator=C19(Chip Tan 1206)
Added Component: Designator=C20(Chip Tan 1206)
Added Component: Designator=D1(SOD323)
Added Component: Designator=P1(HDR2X10_CEN)
Added Component: Designator=P2(HDR2X8)
Added Component: Designator=P3(HDR2X8)
Added Component: Designator=P4(HDR2X8)
Added Component: Designator=P5(HDR2X8)
Added Component: Designator=R1(Chip 0603R)
Added Component: Designator=U1(STM32F722RE-FP)
Added Component: Designator=U3(SOT-223)
Added Component: Designator=Y1(R38)
Added Component: Designator=Y2(Crystal32k)
Added Pin To Net: NetName=BOOT0 Pin=P5-12
Added Pin To Net: NetName=BOOT0 Pin=R1-2
Added Pin To Net: NetName=BOOT0 Pin=U1-60
Added Net: Name=BOOT0
Added Pin To Net: NetName=GND Pin=C1-1
Added Pin To Net: NetName=GND Pin=C2-1
Added Pin To Net: NetName=GND Pin=C3-1
Added Pin To Net: NetName=GND Pin=C4-1
Added Pin To Net: NetName=GND Pin=C5-1
Added Pin To Net: NetName=GND Pin=C6-1
Added Pin To Net: NetName=GND Pin=C7-1
Added Pin To Net: NetName=GND Pin=C8-1
Added Pin To Net: NetName=GND Pin=C9-1
Added Pin To Net: NetName=GND Pin=C10-1
Added Pin To Net: NetName=GND Pin=C11-1
Added Pin To Net: NetName=GND Pin=C12-1
Added Pin To Net: NetName=GND Pin=C13-1
Added Pin To Net: NetName=GND Pin=C14-1
Added Pin To Net: NetName=GND Pin=C15-1
Added Pin To Net: NetName=GND Pin=C16-1
Added Pin To Net: NetName=GND Pin=C17-1
Added Pin To Net: NetName=GND Pin=C18-1
Added Pin To Net: NetName=GND Pin=C19-2
Added Pin To Net: NetName=GND Pin=C20-2
Added Pin To Net: NetName=GND Pin=P1-12
Added Pin To Net: NetName=GND Pin=P1-13
Added Pin To Net: NetName=GND Pin=P1-14
Added Pin To Net: NetName=GND Pin=P1-15
Added Pin To Net: NetName=GND Pin=P1-16
Added Pin To Net: NetName=GND Pin=P1-17
Added Pin To Net: NetName=GND Pin=P1-18
Added Pin To Net: NetName=GND Pin=P1-19
Added Pin To Net: NetName=GND Pin=P1-20
Added Pin To Net: NetName=GND Pin=R1-1
Added Pin To Net: NetName=GND Pin=U1-12
Added Pin To Net: NetName=GND Pin=U1-18
Added Pin To Net: NetName=GND Pin=U1-31
Added Pin To Net: NetName=GND Pin=U1-47
Added Pin To Net: NetName=GND Pin=U1-63
Added Pin To Net: NetName=GND Pin=U3-1
Added Net: Name=GND
Added Pin To Net: NetName=NetC20_1 Pin=C20-1
Added Pin To Net: NetName=NetC20_1 Pin=D1-1
Added Pin To Net: NetName=NetC20_1 Pin=U3-2
Added Net: Name=NetC20_1
Added Pin To Net: NetName=NRST Pin=P1-8
Added Pin To Net: NetName=NRST Pin=P2-7
Added Pin To Net: NetName=NRST Pin=U1-7
Added Net: Name=NRST
Added Pin To Net: NetName=PA0 Pin=P2-14
Added Pin To Net: NetName=PA0 Pin=U1-14
Added Net: Name=PA0
Added Pin To Net: NetName=PA1 Pin=P2-15
Added Pin To Net: NetName=PA1 Pin=U1-15
Added Net: Name=PA1
Added Pin To Net: NetName=PA2 Pin=P2-16
Added Pin To Net: NetName=PA2 Pin=U1-16
Added Net: Name=PA2
Added Pin To Net: NetName=PA3 Pin=P3-1
Added Pin To Net: NetName=PA3 Pin=U1-17
Added Net: Name=PA3
Added Pin To Net: NetName=PA4 Pin=P3-4
Added Pin To Net: NetName=PA4 Pin=U1-20
Added Net: Name=PA4
Added Pin To Net: NetName=PA5 Pin=P3-5
Added Pin To Net: NetName=PA5 Pin=U1-21
Added Net: Name=PA5
Added Pin To Net: NetName=PA6 Pin=P3-6
Added Pin To Net: NetName=PA6 Pin=U1-22
Added Net: Name=PA6
Added Pin To Net: NetName=PA7 Pin=P3-7
Added Pin To Net: NetName=PA7 Pin=U1-23
Added Net: Name=PA7
Added Pin To Net: NetName=PA8 Pin=P4-7
Added Pin To Net: NetName=PA8 Pin=U1-41
Added Net: Name=PA8
Added Pin To Net: NetName=PA9 Pin=P4-8
Added Pin To Net: NetName=PA9 Pin=U1-42
Added Net: Name=PA9
Added Pin To Net: NetName=PA10 Pin=P4-5
Added Pin To Net: NetName=PA10 Pin=U1-43
Added Net: Name=PA10
Added Pin To Net: NetName=PA11 Pin=P4-6
Added Pin To Net: NetName=PA11 Pin=U1-44
Added Net: Name=PA11
Added Pin To Net: NetName=PA12 Pin=P4-3
Added Pin To Net: NetName=PA12 Pin=U1-45
Added Net: Name=PA12
Added Pin To Net: NetName=PB0_PC5 Pin=P3-9
Added Pin To Net: NetName=PB0_PC5 Pin=U1-25
Added Net: Name=PB0_PC5
Added Pin To Net: NetName=PB1_PB0 Pin=P3-10
Added Pin To Net: NetName=PB1_PB0 Pin=U1-26
Added Net: Name=PB1_PB0
Added Pin To Net: NetName=PB2_PB1 Pin=P3-11
Added Pin To Net: NetName=PB2_PB1 Pin=U1-27
Added Net: Name=PB2_PB1
Added Pin To Net: NetName=PB5 Pin=P5-9
Added Pin To Net: NetName=PB5 Pin=U1-57
Added Net: Name=PB5
Added Pin To Net: NetName=PB6 Pin=P5-10
Added Pin To Net: NetName=PB6 Pin=U1-58
Added Net: Name=PB6
Added Pin To Net: NetName=PB7 Pin=P5-11
Added Pin To Net: NetName=PB7 Pin=U1-59
Added Net: Name=PB7
Added Pin To Net: NetName=PB8 Pin=P5-13
Added Pin To Net: NetName=PB8 Pin=U1-61
Added Net: Name=PB8
Added Pin To Net: NetName=PB9 Pin=P5-14
Added Pin To Net: NetName=PB9 Pin=U1-62
Added Net: Name=PB9
Added Pin To Net: NetName=PB10_PB2 Pin=P3-12
Added Pin To Net: NetName=PB10_PB2 Pin=U1-28
Added Net: Name=PB10_PB2
Added Pin To Net: NetName=PB11_PB10 Pin=P3-13
Added Pin To Net: NetName=PB11_PB10 Pin=U1-29
Added Net: Name=PB11_PB10
Added Pin To Net: NetName=PB12 Pin=P4-15
Added Pin To Net: NetName=PB12 Pin=U1-33
Added Net: Name=PB12
Added Pin To Net: NetName=PB13 Pin=P4-16
Added Pin To Net: NetName=PB13 Pin=U1-34
Added Net: Name=PB13
Added Pin To Net: NetName=PB14 Pin=P4-13
Added Pin To Net: NetName=PB14 Pin=U1-35
Added Net: Name=PB14
Added Pin To Net: NetName=PB15 Pin=P4-14
Added Pin To Net: NetName=PB15 Pin=U1-36
Added Net: Name=PB15
Added Pin To Net: NetName=PC0 Pin=P2-8
Added Pin To Net: NetName=PC0 Pin=U1-8
Added Net: Name=PC0
Added Pin To Net: NetName=PC1 Pin=P2-9
Added Pin To Net: NetName=PC1 Pin=U1-9
Added Net: Name=PC1
Added Pin To Net: NetName=PC2 Pin=P2-10
Added Pin To Net: NetName=PC2 Pin=U1-10
Added Net: Name=PC2
Added Pin To Net: NetName=PC3 Pin=P2-11
Added Pin To Net: NetName=PC3 Pin=U1-11
Added Net: Name=PC3
Added Pin To Net: NetName=PC4 Pin=P3-8
Added Pin To Net: NetName=PC4 Pin=U1-24
Added Net: Name=PC4
Added Pin To Net: NetName=PC6 Pin=P4-11
Added Pin To Net: NetName=PC6 Pin=U1-37
Added Net: Name=PC6
Added Pin To Net: NetName=PC7 Pin=P4-12
Added Pin To Net: NetName=PC7 Pin=U1-38
Added Net: Name=PC7
Added Pin To Net: NetName=PC8 Pin=P4-9
Added Pin To Net: NetName=PC8 Pin=U1-39
Added Net: Name=PC8
Added Pin To Net: NetName=PC9 Pin=P4-10
Added Pin To Net: NetName=PC9 Pin=U1-40
Added Net: Name=PC9
Added Pin To Net: NetName=PC10 Pin=P5-3
Added Pin To Net: NetName=PC10 Pin=U1-51
Added Net: Name=PC10
Added Pin To Net: NetName=PC11 Pin=P5-4
Added Pin To Net: NetName=PC11 Pin=U1-52
Added Net: Name=PC11
Added Pin To Net: NetName=PC12 Pin=P5-5
Added Pin To Net: NetName=PC12 Pin=U1-53
Added Net: Name=PC12
Added Pin To Net: NetName=PC13 Pin=P2-2
Added Pin To Net: NetName=PC13 Pin=U1-2
Added Net: Name=PC13
Added Pin To Net: NetName=PC14 Pin=C17-2
Added Pin To Net: NetName=PC14 Pin=P2-3
Added Pin To Net: NetName=PC14 Pin=U1-3
Added Pin To Net: NetName=PC14 Pin=Y2-2
Added Net: Name=PC14
Added Pin To Net: NetName=PC15 Pin=C16-2
Added Pin To Net: NetName=PC15 Pin=P2-4
Added Pin To Net: NetName=PC15 Pin=U1-4
Added Pin To Net: NetName=PC15 Pin=Y2-1
Added Net: Name=PC15
Added Pin To Net: NetName=PD2 Pin=P5-6
Added Pin To Net: NetName=PD2 Pin=U1-54
Added Net: Name=PD2
Added Pin To Net: NetName=PH0 Pin=C15-2
Added Pin To Net: NetName=PH0 Pin=P2-5
Added Pin To Net: NetName=PH0 Pin=U1-5
Added Pin To Net: NetName=PH0 Pin=Y1-2
Added Net: Name=PH0
Added Pin To Net: NetName=PH1 Pin=C14-2
Added Pin To Net: NetName=PH1 Pin=P2-6
Added Pin To Net: NetName=PH1 Pin=U1-6
Added Pin To Net: NetName=PH1 Pin=Y1-1
Added Net: Name=PH1
Added Pin To Net: NetName=TCK Pin=P1-5
Added Pin To Net: NetName=TCK Pin=P5-1
Added Pin To Net: NetName=TCK Pin=U1-49
Added Net: Name=TCK
Added Pin To Net: NetName=TDI Pin=P1-3
Added Pin To Net: NetName=TDI Pin=P5-2
Added Pin To Net: NetName=TDI Pin=U1-50
Added Net: Name=TDI
Added Pin To Net: NetName=TDO Pin=P1-7
Added Pin To Net: NetName=TDO Pin=P5-7
Added Pin To Net: NetName=TDO Pin=U1-55
Added Net: Name=TDO
Added Pin To Net: NetName=TMS Pin=P1-4
Added Pin To Net: NetName=TMS Pin=P4-4
Added Pin To Net: NetName=TMS Pin=U1-46
Added Net: Name=TMS
Added Pin To Net: NetName=TRST Pin=P1-2
Added Pin To Net: NetName=TRST Pin=P5-8
Added Pin To Net: NetName=TRST Pin=U1-56
Added Net: Name=TRST
Added Pin To Net: NetName=VCAP_1_PB11 Pin=C18-2
Added Pin To Net: NetName=VCAP_1_PB11 Pin=P3-14
Added Pin To Net: NetName=VCAP_1_PB11 Pin=U1-30
Added Net: Name=VCAP_1_PB11
Added Pin To Net: NetName=VCC Pin=P1-1
Added Pin To Net: NetName=VCC Pin=P1-11
Added Net: Name=VCC
Added Pin To Net: NetName=VDD Pin=C1-2
Added Pin To Net: NetName=VDD Pin=C2-2
Added Pin To Net: NetName=VDD Pin=C3-2
Added Pin To Net: NetName=VDD Pin=C4-2
Added Pin To Net: NetName=VDD Pin=C5-2
Added Pin To Net: NetName=VDD Pin=C6-2
Added Pin To Net: NetName=VDD Pin=C7-2
Added Pin To Net: NetName=VDD Pin=C8-2
Added Pin To Net: NetName=VDD Pin=C9-2
Added Pin To Net: NetName=VDD Pin=C10-2
Added Pin To Net: NetName=VDD Pin=C11-2
Added Pin To Net: NetName=VDD Pin=C12-2
Added Pin To Net: NetName=VDD Pin=C13-2
Added Pin To Net: NetName=VDD Pin=D1-2
Added Pin To Net: NetName=VDD Pin=P3-3
Added Pin To Net: NetName=VDD Pin=P3-16
Added Pin To Net: NetName=VDD Pin=P4-2
Added Pin To Net: NetName=VDD Pin=P5-16
Added Pin To Net: NetName=VDD Pin=U1-1
Added Pin To Net: NetName=VDD Pin=U1-13
Added Pin To Net: NetName=VDD Pin=U1-19
Added Pin To Net: NetName=VDD Pin=U1-32
Added Pin To Net: NetName=VDD Pin=U1-48
Added Pin To Net: NetName=VDD Pin=U1-64
Added Net: Name=VDD
Added Pin To Net: NetName=VIN Pin=C19-1
Added Pin To Net: NetName=VIN Pin=U3-3
Added Net: Name=VIN
Added Pin To Net: NetName=VSS Pin=P3-2
Added Pin To Net: NetName=VSS Pin=P3-15
Added Pin To Net: NetName=VSS Pin=P4-1
Added Pin To Net: NetName=VSS Pin=P5-15
Added Net: Name=VSS
Added Class: Name=STM32F7
Added Room: Name=STM32F7
